<?xml version="1.0" encoding="UTF-8"?>
<!-- Generated by org.testng.reporters.JUnitReportReporter -->
<testsuite skipped="0" hostname="DESKTOP-C1282G7" name="runnerfile.Runner" tests="1" failures="0" timestamp="17 Jun 2020 09:35:11 GMT" time="0.224" errors="0">
  <testcase name="feature" time="0.224" classname="runnerfile.Runner"/>
</testsuite> <!-- runnerfile.Runner -->
